TI ARM Assembler PC v16.9.8 Mon Dec 10 17:47:30 2018

Tools Copyright (c) 1996-2017 Texas Instruments Incorporated
C:\Users\Einstein\AppData\Local\Temp\{E116FC87-7420-4B9E-BD62-87352394D569} PAGE    1

       1                    ;******************************************************************************
       2                    ;* TI ARM C/C++ Codegen                                        PC v16.9.8.LTS *
       3                    ;* Date/Time created: Mon Dec 10 17:47:30 2018                                *
       4                    ;******************************************************************************
       5                            .compiler_opts --abi=eabi --arm_vmrs_si_workaround=off --code_state=16 --diag_wrap=off --embed
       6 00000000                   .thumb
       7                    
       8                    $C$DW$CU        .dwtag  DW_TAG_compile_unit
       9                            .dwattr $C$DW$CU, DW_AT_name("../Application/MAC/HAL/common/hal_appasrt.c")
      10                            .dwattr $C$DW$CU, DW_AT_producer("TI TI ARM C/C++ Codegen PC v16.9.8.LTS Copyright (c) 1996-20
      11                            .dwattr $C$DW$CU, DW_AT_TI_version(0x01)
      12                            .dwattr $C$DW$CU, DW_AT_comp_dir("C:\Users\Einstein\MyWorkspaceCC1350\sensor_cc1350lp\sensor_c
      13 00000000                   .data
      14                            .align  4
      15                            .elfsym pAssrtFunc,SYM_SIZE(4)
      16 00000000           pAssrtFunc:
      17 00000000 00000000          .bits   0,32                    ; pAssrtFunc @ 0
      18                    
      19                    $C$DW$1 .dwtag  DW_TAG_variable
      20                            .dwattr $C$DW$1, DW_AT_name("pAssrtFunc")
      21                            .dwattr $C$DW$1, DW_AT_TI_symbol_name("pAssrtFunc")
      22                            .dwattr $C$DW$1, DW_AT_type(*$C$DW$T$27)
      23                            .dwattr $C$DW$1, DW_AT_location[DW_OP_addr pAssrtFunc]
      24                            .dwattr $C$DW$1, DW_AT_decl_file("../Application/MAC/HAL/common/hal_appasrt.c")
      25                            .dwattr $C$DW$1, DW_AT_decl_line(0x3a)
      26                            .dwattr $C$DW$1, DW_AT_decl_column(0x27)
      27                    
      28                    ;       C:\ti\ccsv7\tools\compiler\ti-cgt-arm_16.9.8.LTS\bin\armopt.exe C:/Users/Einstein/MyWorkspaceC
      29 00000000                   .sect   ".text:HAL_APPASRT_register"
      30                            .clink
      31                            .thumbfunc HAL_APPASRT_register
      32 00000000                   .thumb
      33                            .global HAL_APPASRT_register
      34                    
      35                    $C$DW$2 .dwtag  DW_TAG_subprogram
      36                            .dwattr $C$DW$2, DW_AT_name("HAL_APPASRT_register")
      37                            .dwattr $C$DW$2, DW_AT_low_pc(HAL_APPASRT_register)
      38                            .dwattr $C$DW$2, DW_AT_high_pc(0x00)
      39                            .dwattr $C$DW$2, DW_AT_TI_symbol_name("HAL_APPASRT_register")
      40                            .dwattr $C$DW$2, DW_AT_external
      41                            .dwattr $C$DW$2, DW_AT_type(*$C$DW$T$30)
      42                            .dwattr $C$DW$2, DW_AT_TI_begin_file("../Application/MAC/HAL/common/hal_appasrt.c")
      43                            .dwattr $C$DW$2, DW_AT_TI_begin_line(0x43)
      44                            .dwattr $C$DW$2, DW_AT_TI_begin_column(0x09)
      45                            .dwattr $C$DW$2, DW_AT_decl_file("../Application/MAC/HAL/common/hal_appasrt.c")
      46                            .dwattr $C$DW$2, DW_AT_decl_line(0x43)
      47                            .dwattr $C$DW$2, DW_AT_decl_column(0x09)
      48                            .dwattr $C$DW$2, DW_AT_TI_max_frame_size(0x00)
      49                            .dwpsn  file "../Application/MAC/HAL/common/hal_appasrt.c",line 68,column 1,is_stmt,address HA
      50                    
      51                            .dwfde $C$DW$CIE, HAL_APPASRT_register
      52                    $C$DW$3 .dwtag  DW_TAG_formal_parameter
      53                            .dwattr $C$DW$3, DW_AT_name("pFptr")
      54                            .dwattr $C$DW$3, DW_AT_TI_symbol_name("pFptr")
      55                            .dwattr $C$DW$3, DW_AT_type(*$C$DW$T$27)
TI ARM Assembler PC v16.9.8 Mon Dec 10 17:47:30 2018

Tools Copyright (c) 1996-2017 Texas Instruments Incorporated
C:\Users\Einstein\AppData\Local\Temp\{E116FC87-7420-4B9E-BD62-87352394D569} PAGE    2

      56                            .dwattr $C$DW$3, DW_AT_location[DW_OP_reg0]
      57                    
      58                    
      59                    ;*****************************************************************************
      60                    ;* FUNCTION NAME: HAL_APPASRT_register                                       *
      61                    ;*                                                                           *
      62                    ;*   Regs Modified     : A1,A2,SR                                            *
      63                    ;*   Regs Used         : A1,A2,LR,SR                                         *
      64                    ;*   Local Frame Size  : 0 Args + 0 Auto + 0 Save = 0 byte                   *
      65                    ;*****************************************************************************
      66                    HAL_APPASRT_register:
      67                    ;* --------------------------------------------------------------------------*
      68                    ;* A1    assigned to pFptr
      69                    $C$DW$4 .dwtag  DW_TAG_variable
      70                            .dwattr $C$DW$4, DW_AT_name("pFptr")
      71                            .dwattr $C$DW$4, DW_AT_TI_symbol_name("pFptr")
      72                            .dwattr $C$DW$4, DW_AT_type(*$C$DW$T$62)
      73                            .dwattr $C$DW$4, DW_AT_location[DW_OP_reg0]
      74                    
      75                    ;* A1    assigned to status
      76                    $C$DW$5 .dwtag  DW_TAG_variable
      77                            .dwattr $C$DW$5, DW_AT_name("status")
      78                            .dwattr $C$DW$5, DW_AT_TI_symbol_name("status")
      79                            .dwattr $C$DW$5, DW_AT_type(*$C$DW$T$10)
      80                            .dwattr $C$DW$5, DW_AT_location[DW_OP_reg0]
      81                    
      82                            .dwcfi  cfa_offset, 0
      83                            .dwpsn  file "../Application/MAC/HAL/common/hal_appasrt.c",line 72,column 3,is_stmt,isa 1
      84 00000000 4904              LDR       A2, $C$CON1           ; [DPU_3_PIPE] |72|  ; [ORIG 16-BIT INS]
      85 00000002 6008              STR       A1, [A2, #0]          ; [DPU_3_PIPE] |72|  ; [ORIG 16-BIT INS]
      86 00000004 B120              CBZ       A1, ||$C$L1||         ; []  ; [ORIG 16-BIT INS]
      87                            .dwpsn  file "../Application/MAC/HAL/common/hal_appasrt.c",line 75,column 3,is_stmt,isa 1
      88                            ; BRANCHCC OCCURS {||$C$L1||}    ; [] |75| 
      89                    ;* --------------------------------------------------------------------------*
      90 00000006 6800              LDR       A1, [A1, #0]          ; [DPU_3_PIPE] |75|  ; [ORIG 16-BIT INS]
      91 00000008 2800              CMP       A1, #0                ; [DPU_3_PIPE] |75|  ; [ORIG 16-BIT INS]
      92 0000000a BF18              IT        NE                    ; [DPU_3_PIPE]  ; [ORIG 16-BIT INS]
      93                            .dwpsn  file "../Application/MAC/HAL/common/hal_appasrt.c",line 77,column 5,is_stmt,isa 1
      94 0000000c 2000              MOVNE     A1, #0                ; [DPU_3_PIPE] |77|  ; [ORIG 16-BIT INS]
      95                            .dwpsn  file "../Application/MAC/HAL/common/hal_appasrt.c",line 78,column 3,is_stmt,isa 1
      96 0000000e D100              BNE       ||$C$L2||             ; [DPU_3_PIPE] |78|  ; [ORIG 16-BIT INS]
      97                            ; BRANCHCC OCCURS {||$C$L2||}    ; [] |78| 
      98                    ;* --------------------------------------------------------------------------*
      99 00000010           ||$C$L1||:    
     100                            .dwpsn  file "../Application/MAC/HAL/common/hal_appasrt.c",line 81,column 5,is_stmt,isa 1
     101 00000010 2001              MOVS      A1, #1                ; [DPU_3_PIPE] |81|  ; [ORIG 16-BIT INS]
     102                    ;* --------------------------------------------------------------------------*
     103                    ||$C$L2||:    
     104                    $C$DW$6 .dwtag  DW_TAG_TI_branch
     105                            .dwattr $C$DW$6, DW_AT_low_pc(0x00)
     106                            .dwattr $C$DW$6, DW_AT_TI_return
     107                    
     108 00000012 4770              BX        LR                    ; [DPU_3_PIPE]  ; [ORIG 16-BIT INS]
     109                            ; BRANCH OCCURS                  ; [] 
     110                            .dwattr $C$DW$2, DW_AT_TI_end_file("../Application/MAC/HAL/common/hal_appasrt.c")
TI ARM Assembler PC v16.9.8 Mon Dec 10 17:47:30 2018

Tools Copyright (c) 1996-2017 Texas Instruments Incorporated
C:\Users\Einstein\AppData\Local\Temp\{E116FC87-7420-4B9E-BD62-87352394D569} PAGE    3

     111                            .dwattr $C$DW$2, DW_AT_TI_end_line(0x55)
     112                            .dwattr $C$DW$2, DW_AT_TI_end_column(0x01)
     113                            .dwendentry
     114                            .dwendtag $C$DW$2
     115                    
     116 00000000                   .sect   ".text:HAL_APPASRT_callAssrtHanlder"
     117                            .clink
     118                            .thumbfunc HAL_APPASRT_callAssrtHanlder
     119 00000000                   .thumb
     120                            .global HAL_APPASRT_callAssrtHanlder
     121                    
     122                    $C$DW$7 .dwtag  DW_TAG_subprogram
     123                            .dwattr $C$DW$7, DW_AT_name("HAL_APPASRT_callAssrtHanlder")
     124                            .dwattr $C$DW$7, DW_AT_low_pc(HAL_APPASRT_callAssrtHanlder)
     125                            .dwattr $C$DW$7, DW_AT_high_pc(0x00)
     126                            .dwattr $C$DW$7, DW_AT_TI_symbol_name("HAL_APPASRT_callAssrtHanlder")
     127                            .dwattr $C$DW$7, DW_AT_external
     128                            .dwattr $C$DW$7, DW_AT_TI_begin_file("../Application/MAC/HAL/common/hal_appasrt.c")
     129                            .dwattr $C$DW$7, DW_AT_TI_begin_line(0x5a)
     130                            .dwattr $C$DW$7, DW_AT_TI_begin_column(0x06)
     131                            .dwattr $C$DW$7, DW_AT_decl_file("../Application/MAC/HAL/common/hal_appasrt.c")
     132                            .dwattr $C$DW$7, DW_AT_decl_line(0x5a)
     133                            .dwattr $C$DW$7, DW_AT_decl_column(0x06)
     134                            .dwattr $C$DW$7, DW_AT_TI_max_frame_size(0x08)
     135                            .dwpsn  file "../Application/MAC/HAL/common/hal_appasrt.c",line 91,column 1,is_stmt,address HA
     136                    
     137                            .dwfde $C$DW$CIE, HAL_APPASRT_callAssrtHanlder
     138                    
     139                    ;*****************************************************************************
     140                    ;* FUNCTION NAME: HAL_APPASRT_callAssrtHanlder                               *
     141                    ;*                                                                           *
     142                    ;*   Regs Modified     : A1,A2,A3,A4,V9,SP,LR,SR                             *
     143                    ;*   Regs Used         : A1,A2,A3,A4,V9,SP,LR,SR                             *
     144                    ;*   Local Frame Size  : 0 Args + 0 Auto + 4 Save = 4 byte                   *
     145                    ;*****************************************************************************
     146 00000000           HAL_APPASRT_callAssrtHanlder:
     147                    ;* --------------------------------------------------------------------------*
     148                            .dwcfi  cfa_offset, 0
     149                            .dwpsn  file "../Application/MAC/HAL/common/hal_appasrt.c",line 92,column 3,is_stmt,isa 1
     150 00000000 4802              LDR       A1, $C$CON3           ; [DPU_3_PIPE] |92|  ; [ORIG 16-BIT INS]
     151 00000002 B508              PUSH      {A4, LR}              ; [DPU_3_PIPE]  ; [ORIG 16-BIT INS]
     152                            .dwcfi  cfa_offset, 8
     153                            .dwcfi  save_reg_to_mem, 14, -4
     154                            .dwcfi  save_reg_to_mem, 3, -8
     155 00000004 6800              LDR       A1, [A1, #0]          ; [DPU_3_PIPE] |92|  ; [ORIG 16-BIT INS]
     156 00000006 6800              LDR       A1, [A1, #0]          ; [DPU_3_PIPE] |92|  ; [ORIG 16-BIT INS]
     157                    $C$DW$8 .dwtag  DW_TAG_TI_branch
     158                            .dwattr $C$DW$8, DW_AT_low_pc(0x00)
     159                            .dwattr $C$DW$8, DW_AT_TI_call
     160                            .dwattr $C$DW$8, DW_AT_TI_indirect
     161                    
     162 00000008 4780              BLX       A1                    ; [DPU_3_PIPE] |92|  ; [ORIG 16-BIT INS]
     163                            ; CALL OCCURS {}                 ; [] |92| 
     164                    $C$DW$9 .dwtag  DW_TAG_TI_branch
     165                            .dwattr $C$DW$9, DW_AT_low_pc(0x00)
TI ARM Assembler PC v16.9.8 Mon Dec 10 17:47:30 2018

Tools Copyright (c) 1996-2017 Texas Instruments Incorporated
C:\Users\Einstein\AppData\Local\Temp\{E116FC87-7420-4B9E-BD62-87352394D569} PAGE    4

     166                            .dwattr $C$DW$9, DW_AT_TI_return
     167                    
     168 0000000a BD08              POP       {A4, PC}              ; [DPU_3_PIPE]  ; [ORIG 16-BIT INS]
     169                            .dwcfi  cfa_offset, 0
     170                            .dwcfi  restore_reg, 3
     171                            ; BRANCH OCCURS                  ; [] 
     172                            .dwattr $C$DW$7, DW_AT_TI_end_file("../Application/MAC/HAL/common/hal_appasrt.c")
     173                            .dwattr $C$DW$7, DW_AT_TI_end_line(0x5d)
     174                            .dwattr $C$DW$7, DW_AT_TI_end_column(0x01)
     175                            .dwendentry
     176                            .dwendtag $C$DW$7
     177                    
     178                    ;******************************************************************************
     179                    ;* CONSTANT TABLE                                                             *
     180                    ;******************************************************************************
     181 00000014                   .sect   ".text:HAL_APPASRT_register"
     182                            .align  4
     183 00000014 00000000! ||$C$CON1||:    .bits   pAssrtFunc,32
     184                    ;******************************************************************************
     185                    ;* CONSTANT TABLE                                                             *
     186                    ;******************************************************************************
     187 0000000c                   .sect   ".text:HAL_APPASRT_callAssrtHanlder"
     188                            .align  4
     189 0000000c 00000000! ||$C$CON3||:    .bits   pAssrtFunc,32
     190                    
     191                    ;******************************************************************************
     192                    ;* BUILD ATTRIBUTES                                                           *
     193                    ;******************************************************************************
     194                            .battr "aeabi", Tag_File, 1, Tag_ABI_PCS_wchar_t(2)
     195                            .battr "aeabi", Tag_File, 1, Tag_ABI_FP_rounding(0)
     196                            .battr "aeabi", Tag_File, 1, Tag_ABI_FP_denormal(0)
     197                            .battr "aeabi", Tag_File, 1, Tag_ABI_FP_exceptions(0)
     198                            .battr "aeabi", Tag_File, 1, Tag_ABI_FP_number_model(1)
     199                            .battr "aeabi", Tag_File, 1, Tag_ABI_enum_size(0)
     200                            .battr "aeabi", Tag_File, 1, Tag_ABI_optimization_goals(0)
     201                            .battr "aeabi", Tag_File, 1, Tag_ABI_FP_optimization_goals(0)
     202                            .battr "TI", Tag_File, 1, Tag_Bitfield_layout(2)
     203                            .battr "aeabi", Tag_File, 1, Tag_ABI_VFP_args(3)
     204                            .battr "TI", Tag_File, 1, Tag_FP_interface(1)
     205                    
     206                    ;******************************************************************************
     207                    ;* TYPE INFORMATION                                                           *
     208                    ;******************************************************************************
     209                    $C$DW$T$2       .dwtag  DW_TAG_unspecified_type
     210                            .dwattr $C$DW$T$2, DW_AT_name("void")
     211                    
     212                    
     213                    $C$DW$T$19      .dwtag  DW_TAG_subroutine_type
     214                            .dwattr $C$DW$T$19, DW_AT_language(DW_LANG_C)
     215                            .dwendtag $C$DW$T$19
     216                    
     217                    $C$DW$T$20      .dwtag  DW_TAG_pointer_type
     218                            .dwattr $C$DW$T$20, DW_AT_type(*$C$DW$T$19)
     219                            .dwattr $C$DW$T$20, DW_AT_address_class(0x20)
     220                    
TI ARM Assembler PC v16.9.8 Mon Dec 10 17:47:30 2018

Tools Copyright (c) 1996-2017 Texas Instruments Incorporated
C:\Users\Einstein\AppData\Local\Temp\{E116FC87-7420-4B9E-BD62-87352394D569} PAGE    5

     221                    $C$DW$T$21      .dwtag  DW_TAG_typedef
     222                            .dwattr $C$DW$T$21, DW_AT_name("APPASRTINTF_callAssrtHndler")
     223                            .dwattr $C$DW$T$21, DW_AT_type(*$C$DW$T$20)
     224                            .dwattr $C$DW$T$21, DW_AT_language(DW_LANG_C)
     225                            .dwattr $C$DW$T$21, DW_AT_decl_file("C:/ti/simplelink_cc13x0_sdk_2_30_00_20/source/ti/ti154sta
     226                            .dwattr $C$DW$T$21, DW_AT_decl_line(0x43)
     227                            .dwattr $C$DW$T$21, DW_AT_decl_column(0x10)
     228                    
     229                    $C$DW$T$4       .dwtag  DW_TAG_base_type
     230                            .dwattr $C$DW$T$4, DW_AT_encoding(DW_ATE_boolean)
     231                            .dwattr $C$DW$T$4, DW_AT_name("bool")
     232                            .dwattr $C$DW$T$4, DW_AT_byte_size(0x01)
     233                    
     234                    $C$DW$T$5       .dwtag  DW_TAG_base_type
     235                            .dwattr $C$DW$T$5, DW_AT_encoding(DW_ATE_signed_char)
     236                            .dwattr $C$DW$T$5, DW_AT_name("signed char")
     237                            .dwattr $C$DW$T$5, DW_AT_byte_size(0x01)
     238                    
     239                    $C$DW$T$23      .dwtag  DW_TAG_typedef
     240                            .dwattr $C$DW$T$23, DW_AT_name("int8")
     241                            .dwattr $C$DW$T$23, DW_AT_type(*$C$DW$T$5)
     242                            .dwattr $C$DW$T$23, DW_AT_language(DW_LANG_C)
     243                            .dwattr $C$DW$T$23, DW_AT_decl_file("C:\ti\simplelink_cc13x0_sdk_2_30_00_20\source\ti\ti154sta
     244                            .dwattr $C$DW$T$23, DW_AT_decl_line(0x38)
     245                            .dwattr $C$DW$T$23, DW_AT_decl_column(0x19)
     246                    
     247                    $C$DW$T$24      .dwtag  DW_TAG_typedef
     248                            .dwattr $C$DW$T$24, DW_AT_name("int8_t")
     249                            .dwattr $C$DW$T$24, DW_AT_type(*$C$DW$T$5)
     250                            .dwattr $C$DW$T$24, DW_AT_language(DW_LANG_C)
     251                            .dwattr $C$DW$T$24, DW_AT_decl_file("C:/ti/ccsv7/tools/compiler/ti-cgt-arm_16.9.8.LTS/include/
     252                            .dwattr $C$DW$T$24, DW_AT_decl_line(0x2a)
     253                            .dwattr $C$DW$T$24, DW_AT_decl_column(0x1d)
     254                    
     255                    $C$DW$T$25      .dwtag  DW_TAG_typedef
     256                            .dwattr $C$DW$T$25, DW_AT_name("int_least8_t")
     257                            .dwattr $C$DW$T$25, DW_AT_type(*$C$DW$T$24)
     258                            .dwattr $C$DW$T$25, DW_AT_language(DW_LANG_C)
     259                            .dwattr $C$DW$T$25, DW_AT_decl_file("C:/ti/ccsv7/tools/compiler/ti-cgt-arm_16.9.8.LTS/include/
     260                            .dwattr $C$DW$T$25, DW_AT_decl_line(0x37)
     261                            .dwattr $C$DW$T$25, DW_AT_decl_column(0x17)
     262                    
     263                    $C$DW$T$6       .dwtag  DW_TAG_base_type
     264                            .dwattr $C$DW$T$6, DW_AT_encoding(DW_ATE_unsigned_char)
     265                            .dwattr $C$DW$T$6, DW_AT_name("unsigned char")
     266                            .dwattr $C$DW$T$6, DW_AT_byte_size(0x01)
     267                    
     268                    $C$DW$T$29      .dwtag  DW_TAG_typedef
     269                            .dwattr $C$DW$T$29, DW_AT_name("uint8")
     270                            .dwattr $C$DW$T$29, DW_AT_type(*$C$DW$T$6)
     271                            .dwattr $C$DW$T$29, DW_AT_language(DW_LANG_C)
     272                            .dwattr $C$DW$T$29, DW_AT_decl_file("C:\ti\simplelink_cc13x0_sdk_2_30_00_20\source\ti\ti154sta
     273                            .dwattr $C$DW$T$29, DW_AT_decl_line(0x39)
     274                            .dwattr $C$DW$T$29, DW_AT_decl_column(0x19)
     275                    
TI ARM Assembler PC v16.9.8 Mon Dec 10 17:47:30 2018

Tools Copyright (c) 1996-2017 Texas Instruments Incorporated
C:\Users\Einstein\AppData\Local\Temp\{E116FC87-7420-4B9E-BD62-87352394D569} PAGE    6

     276                    $C$DW$T$30      .dwtag  DW_TAG_typedef
     277                            .dwattr $C$DW$T$30, DW_AT_name("uint8_t")
     278                            .dwattr $C$DW$T$30, DW_AT_type(*$C$DW$T$6)
     279                            .dwattr $C$DW$T$30, DW_AT_language(DW_LANG_C)
     280                            .dwattr $C$DW$T$30, DW_AT_decl_file("C:/ti/ccsv7/tools/compiler/ti-cgt-arm_16.9.8.LTS/include/
     281                            .dwattr $C$DW$T$30, DW_AT_decl_line(0x2b)
     282                            .dwattr $C$DW$T$30, DW_AT_decl_column(0x1c)
     283                    
     284                    $C$DW$T$32      .dwtag  DW_TAG_typedef
     285                            .dwattr $C$DW$T$32, DW_AT_name("uint_least8_t")
     286                            .dwattr $C$DW$T$32, DW_AT_type(*$C$DW$T$30)
     287                            .dwattr $C$DW$T$32, DW_AT_language(DW_LANG_C)
     288                            .dwattr $C$DW$T$32, DW_AT_decl_file("C:/ti/ccsv7/tools/compiler/ti-cgt-arm_16.9.8.LTS/include/
     289                            .dwattr $C$DW$T$32, DW_AT_decl_line(0x38)
     290                            .dwattr $C$DW$T$32, DW_AT_decl_column(0x16)
     291                    
     292                    $C$DW$T$7       .dwtag  DW_TAG_base_type
     293                            .dwattr $C$DW$T$7, DW_AT_encoding(DW_ATE_signed_char)
     294                            .dwattr $C$DW$T$7, DW_AT_name("wchar_t")
     295                            .dwattr $C$DW$T$7, DW_AT_byte_size(0x02)
     296                    
     297                    $C$DW$T$8       .dwtag  DW_TAG_base_type
     298                            .dwattr $C$DW$T$8, DW_AT_encoding(DW_ATE_signed)
     299                            .dwattr $C$DW$T$8, DW_AT_name("short")
     300                            .dwattr $C$DW$T$8, DW_AT_byte_size(0x02)
     301                    
     302                    $C$DW$T$33      .dwtag  DW_TAG_typedef
     303                            .dwattr $C$DW$T$33, DW_AT_name("int16")
     304                            .dwattr $C$DW$T$33, DW_AT_type(*$C$DW$T$8)
     305                            .dwattr $C$DW$T$33, DW_AT_language(DW_LANG_C)
     306                            .dwattr $C$DW$T$33, DW_AT_decl_file("C:\ti\simplelink_cc13x0_sdk_2_30_00_20\source\ti\ti154sta
     307                            .dwattr $C$DW$T$33, DW_AT_decl_line(0x3b)
     308                            .dwattr $C$DW$T$33, DW_AT_decl_column(0x19)
     309                    
     310                    $C$DW$T$34      .dwtag  DW_TAG_typedef
     311                            .dwattr $C$DW$T$34, DW_AT_name("int16_t")
     312                            .dwattr $C$DW$T$34, DW_AT_type(*$C$DW$T$8)
     313                            .dwattr $C$DW$T$34, DW_AT_language(DW_LANG_C)
     314                            .dwattr $C$DW$T$34, DW_AT_decl_file("C:/ti/ccsv7/tools/compiler/ti-cgt-arm_16.9.8.LTS/include/
     315                            .dwattr $C$DW$T$34, DW_AT_decl_line(0x2c)
     316                            .dwattr $C$DW$T$34, DW_AT_decl_column(0x1d)
     317                    
     318                    $C$DW$T$35      .dwtag  DW_TAG_typedef
     319                            .dwattr $C$DW$T$35, DW_AT_name("int_least16_t")
     320                            .dwattr $C$DW$T$35, DW_AT_type(*$C$DW$T$34)
     321                            .dwattr $C$DW$T$35, DW_AT_language(DW_LANG_C)
     322                            .dwattr $C$DW$T$35, DW_AT_decl_file("C:/ti/ccsv7/tools/compiler/ti-cgt-arm_16.9.8.LTS/include/
     323                            .dwattr $C$DW$T$35, DW_AT_decl_line(0x3a)
     324                            .dwattr $C$DW$T$35, DW_AT_decl_column(0x17)
     325                    
     326                    $C$DW$T$9       .dwtag  DW_TAG_base_type
     327                            .dwattr $C$DW$T$9, DW_AT_encoding(DW_ATE_unsigned)
     328                            .dwattr $C$DW$T$9, DW_AT_name("unsigned short")
     329                            .dwattr $C$DW$T$9, DW_AT_byte_size(0x02)
     330                    
TI ARM Assembler PC v16.9.8 Mon Dec 10 17:47:30 2018

Tools Copyright (c) 1996-2017 Texas Instruments Incorporated
C:\Users\Einstein\AppData\Local\Temp\{E116FC87-7420-4B9E-BD62-87352394D569} PAGE    7

     331                    $C$DW$T$36      .dwtag  DW_TAG_typedef
     332                            .dwattr $C$DW$T$36, DW_AT_name("uint16")
     333                            .dwattr $C$DW$T$36, DW_AT_type(*$C$DW$T$9)
     334                            .dwattr $C$DW$T$36, DW_AT_language(DW_LANG_C)
     335                            .dwattr $C$DW$T$36, DW_AT_decl_file("C:\ti\simplelink_cc13x0_sdk_2_30_00_20\source\ti\ti154sta
     336                            .dwattr $C$DW$T$36, DW_AT_decl_line(0x3c)
     337                            .dwattr $C$DW$T$36, DW_AT_decl_column(0x19)
     338                    
     339                    $C$DW$T$37      .dwtag  DW_TAG_typedef
     340                            .dwattr $C$DW$T$37, DW_AT_name("uint16_t")
     341                            .dwattr $C$DW$T$37, DW_AT_type(*$C$DW$T$9)
     342                            .dwattr $C$DW$T$37, DW_AT_language(DW_LANG_C)
     343                            .dwattr $C$DW$T$37, DW_AT_decl_file("C:/ti/ccsv7/tools/compiler/ti-cgt-arm_16.9.8.LTS/include/
     344                            .dwattr $C$DW$T$37, DW_AT_decl_line(0x2d)
     345                            .dwattr $C$DW$T$37, DW_AT_decl_column(0x1c)
     346                    
     347                    $C$DW$T$38      .dwtag  DW_TAG_typedef
     348                            .dwattr $C$DW$T$38, DW_AT_name("uint_least16_t")
     349                            .dwattr $C$DW$T$38, DW_AT_type(*$C$DW$T$37)
     350                            .dwattr $C$DW$T$38, DW_AT_language(DW_LANG_C)
     351                            .dwattr $C$DW$T$38, DW_AT_decl_file("C:/ti/ccsv7/tools/compiler/ti-cgt-arm_16.9.8.LTS/include/
     352                            .dwattr $C$DW$T$38, DW_AT_decl_line(0x3b)
     353                            .dwattr $C$DW$T$38, DW_AT_decl_column(0x16)
     354                    
     355                    $C$DW$T$10      .dwtag  DW_TAG_base_type
     356                            .dwattr $C$DW$T$10, DW_AT_encoding(DW_ATE_signed)
     357                            .dwattr $C$DW$T$10, DW_AT_name("int")
     358                            .dwattr $C$DW$T$10, DW_AT_byte_size(0x04)
     359                    
     360                    $C$DW$T$39      .dwtag  DW_TAG_typedef
     361                            .dwattr $C$DW$T$39, DW_AT_name("int32_t")
     362                            .dwattr $C$DW$T$39, DW_AT_type(*$C$DW$T$10)
     363                            .dwattr $C$DW$T$39, DW_AT_language(DW_LANG_C)
     364                            .dwattr $C$DW$T$39, DW_AT_decl_file("C:/ti/ccsv7/tools/compiler/ti-cgt-arm_16.9.8.LTS/include/
     365                            .dwattr $C$DW$T$39, DW_AT_decl_line(0x2e)
     366                            .dwattr $C$DW$T$39, DW_AT_decl_column(0x1d)
     367                    
     368                    $C$DW$T$40      .dwtag  DW_TAG_typedef
     369                            .dwattr $C$DW$T$40, DW_AT_name("int_fast16_t")
     370                            .dwattr $C$DW$T$40, DW_AT_type(*$C$DW$T$39)
     371                            .dwattr $C$DW$T$40, DW_AT_language(DW_LANG_C)
     372                            .dwattr $C$DW$T$40, DW_AT_decl_file("C:/ti/ccsv7/tools/compiler/ti-cgt-arm_16.9.8.LTS/include/
     373                            .dwattr $C$DW$T$40, DW_AT_decl_line(0x47)
     374                            .dwattr $C$DW$T$40, DW_AT_decl_column(0x17)
     375                    
     376                    $C$DW$T$41      .dwtag  DW_TAG_typedef
     377                            .dwattr $C$DW$T$41, DW_AT_name("int_fast32_t")
     378                            .dwattr $C$DW$T$41, DW_AT_type(*$C$DW$T$39)
     379                            .dwattr $C$DW$T$41, DW_AT_language(DW_LANG_C)
     380                            .dwattr $C$DW$T$41, DW_AT_decl_file("C:/ti/ccsv7/tools/compiler/ti-cgt-arm_16.9.8.LTS/include/
     381                            .dwattr $C$DW$T$41, DW_AT_decl_line(0x4a)
     382                            .dwattr $C$DW$T$41, DW_AT_decl_column(0x17)
     383                    
     384                    $C$DW$T$42      .dwtag  DW_TAG_typedef
     385                            .dwattr $C$DW$T$42, DW_AT_name("int_fast8_t")
TI ARM Assembler PC v16.9.8 Mon Dec 10 17:47:30 2018

Tools Copyright (c) 1996-2017 Texas Instruments Incorporated
C:\Users\Einstein\AppData\Local\Temp\{E116FC87-7420-4B9E-BD62-87352394D569} PAGE    8

     386                            .dwattr $C$DW$T$42, DW_AT_type(*$C$DW$T$39)
     387                            .dwattr $C$DW$T$42, DW_AT_language(DW_LANG_C)
     388                            .dwattr $C$DW$T$42, DW_AT_decl_file("C:/ti/ccsv7/tools/compiler/ti-cgt-arm_16.9.8.LTS/include/
     389                            .dwattr $C$DW$T$42, DW_AT_decl_line(0x45)
     390                            .dwattr $C$DW$T$42, DW_AT_decl_column(0x17)
     391                    
     392                    $C$DW$T$43      .dwtag  DW_TAG_typedef
     393                            .dwattr $C$DW$T$43, DW_AT_name("int_least32_t")
     394                            .dwattr $C$DW$T$43, DW_AT_type(*$C$DW$T$39)
     395                            .dwattr $C$DW$T$43, DW_AT_language(DW_LANG_C)
     396                            .dwattr $C$DW$T$43, DW_AT_decl_file("C:/ti/ccsv7/tools/compiler/ti-cgt-arm_16.9.8.LTS/include/
     397                            .dwattr $C$DW$T$43, DW_AT_decl_line(0x3c)
     398                            .dwattr $C$DW$T$43, DW_AT_decl_column(0x17)
     399                    
     400                    $C$DW$T$44      .dwtag  DW_TAG_typedef
     401                            .dwattr $C$DW$T$44, DW_AT_name("intptr_t")
     402                            .dwattr $C$DW$T$44, DW_AT_type(*$C$DW$T$10)
     403                            .dwattr $C$DW$T$44, DW_AT_language(DW_LANG_C)
     404                            .dwattr $C$DW$T$44, DW_AT_decl_file("C:/ti/ccsv7/tools/compiler/ti-cgt-arm_16.9.8.LTS/include/
     405                            .dwattr $C$DW$T$44, DW_AT_decl_line(0x52)
     406                            .dwattr $C$DW$T$44, DW_AT_decl_column(0x1a)
     407                    
     408                    $C$DW$T$11      .dwtag  DW_TAG_base_type
     409                            .dwattr $C$DW$T$11, DW_AT_encoding(DW_ATE_unsigned)
     410                            .dwattr $C$DW$T$11, DW_AT_name("unsigned int")
     411                            .dwattr $C$DW$T$11, DW_AT_byte_size(0x04)
     412                    
     413                    $C$DW$T$45      .dwtag  DW_TAG_typedef
     414                            .dwattr $C$DW$T$45, DW_AT_name("uint32_t")
     415                            .dwattr $C$DW$T$45, DW_AT_type(*$C$DW$T$11)
     416                            .dwattr $C$DW$T$45, DW_AT_language(DW_LANG_C)
     417                            .dwattr $C$DW$T$45, DW_AT_decl_file("C:/ti/ccsv7/tools/compiler/ti-cgt-arm_16.9.8.LTS/include/
     418                            .dwattr $C$DW$T$45, DW_AT_decl_line(0x2f)
     419                            .dwattr $C$DW$T$45, DW_AT_decl_column(0x1c)
     420                    
     421                    $C$DW$T$46      .dwtag  DW_TAG_typedef
     422                            .dwattr $C$DW$T$46, DW_AT_name("uint_fast16_t")
     423                            .dwattr $C$DW$T$46, DW_AT_type(*$C$DW$T$45)
     424                            .dwattr $C$DW$T$46, DW_AT_language(DW_LANG_C)
     425                            .dwattr $C$DW$T$46, DW_AT_decl_file("C:/ti/ccsv7/tools/compiler/ti-cgt-arm_16.9.8.LTS/include/
     426                            .dwattr $C$DW$T$46, DW_AT_decl_line(0x48)
     427                            .dwattr $C$DW$T$46, DW_AT_decl_column(0x16)
     428                    
     429                    $C$DW$T$47      .dwtag  DW_TAG_typedef
     430                            .dwattr $C$DW$T$47, DW_AT_name("uint_fast32_t")
     431                            .dwattr $C$DW$T$47, DW_AT_type(*$C$DW$T$45)
     432                            .dwattr $C$DW$T$47, DW_AT_language(DW_LANG_C)
     433                            .dwattr $C$DW$T$47, DW_AT_decl_file("C:/ti/ccsv7/tools/compiler/ti-cgt-arm_16.9.8.LTS/include/
     434                            .dwattr $C$DW$T$47, DW_AT_decl_line(0x4b)
     435                            .dwattr $C$DW$T$47, DW_AT_decl_column(0x16)
     436                    
     437                    $C$DW$T$48      .dwtag  DW_TAG_typedef
     438                            .dwattr $C$DW$T$48, DW_AT_name("uint_fast8_t")
     439                            .dwattr $C$DW$T$48, DW_AT_type(*$C$DW$T$45)
     440                            .dwattr $C$DW$T$48, DW_AT_language(DW_LANG_C)
TI ARM Assembler PC v16.9.8 Mon Dec 10 17:47:30 2018

Tools Copyright (c) 1996-2017 Texas Instruments Incorporated
C:\Users\Einstein\AppData\Local\Temp\{E116FC87-7420-4B9E-BD62-87352394D569} PAGE    9

     441                            .dwattr $C$DW$T$48, DW_AT_decl_file("C:/ti/ccsv7/tools/compiler/ti-cgt-arm_16.9.8.LTS/include/
     442                            .dwattr $C$DW$T$48, DW_AT_decl_line(0x46)
     443                            .dwattr $C$DW$T$48, DW_AT_decl_column(0x16)
     444                    
     445                    $C$DW$T$49      .dwtag  DW_TAG_typedef
     446                            .dwattr $C$DW$T$49, DW_AT_name("uint_least32_t")
     447                            .dwattr $C$DW$T$49, DW_AT_type(*$C$DW$T$45)
     448                            .dwattr $C$DW$T$49, DW_AT_language(DW_LANG_C)
     449                            .dwattr $C$DW$T$49, DW_AT_decl_file("C:/ti/ccsv7/tools/compiler/ti-cgt-arm_16.9.8.LTS/include/
     450                            .dwattr $C$DW$T$49, DW_AT_decl_line(0x3d)
     451                            .dwattr $C$DW$T$49, DW_AT_decl_column(0x16)
     452                    
     453                    $C$DW$T$50      .dwtag  DW_TAG_typedef
     454                            .dwattr $C$DW$T$50, DW_AT_name("uintptr_t")
     455                            .dwattr $C$DW$T$50, DW_AT_type(*$C$DW$T$11)
     456                            .dwattr $C$DW$T$50, DW_AT_language(DW_LANG_C)
     457                            .dwattr $C$DW$T$50, DW_AT_decl_file("C:/ti/ccsv7/tools/compiler/ti-cgt-arm_16.9.8.LTS/include/
     458                            .dwattr $C$DW$T$50, DW_AT_decl_line(0x53)
     459                            .dwattr $C$DW$T$50, DW_AT_decl_column(0x1a)
     460                    
     461                    $C$DW$T$12      .dwtag  DW_TAG_base_type
     462                            .dwattr $C$DW$T$12, DW_AT_encoding(DW_ATE_signed)
     463                            .dwattr $C$DW$T$12, DW_AT_name("long")
     464                            .dwattr $C$DW$T$12, DW_AT_byte_size(0x04)
     465                    
     466                    $C$DW$T$51      .dwtag  DW_TAG_typedef
     467                            .dwattr $C$DW$T$51, DW_AT_name("int32")
     468                            .dwattr $C$DW$T$51, DW_AT_type(*$C$DW$T$12)
     469                            .dwattr $C$DW$T$51, DW_AT_language(DW_LANG_C)
     470                            .dwattr $C$DW$T$51, DW_AT_decl_file("C:\ti\simplelink_cc13x0_sdk_2_30_00_20\source\ti\ti154sta
     471                            .dwattr $C$DW$T$51, DW_AT_decl_line(0x3e)
     472                            .dwattr $C$DW$T$51, DW_AT_decl_column(0x19)
     473                    
     474                    $C$DW$T$13      .dwtag  DW_TAG_base_type
     475                            .dwattr $C$DW$T$13, DW_AT_encoding(DW_ATE_unsigned)
     476                            .dwattr $C$DW$T$13, DW_AT_name("unsigned long")
     477                            .dwattr $C$DW$T$13, DW_AT_byte_size(0x04)
     478                    
     479                    $C$DW$T$52      .dwtag  DW_TAG_typedef
     480                            .dwattr $C$DW$T$52, DW_AT_name("uint32")
     481                            .dwattr $C$DW$T$52, DW_AT_type(*$C$DW$T$13)
     482                            .dwattr $C$DW$T$52, DW_AT_language(DW_LANG_C)
     483                            .dwattr $C$DW$T$52, DW_AT_decl_file("C:\ti\simplelink_cc13x0_sdk_2_30_00_20\source\ti\ti154sta
     484                            .dwattr $C$DW$T$52, DW_AT_decl_line(0x3f)
     485                            .dwattr $C$DW$T$52, DW_AT_decl_column(0x19)
     486                    
     487                    $C$DW$T$53      .dwtag  DW_TAG_typedef
     488                            .dwattr $C$DW$T$53, DW_AT_name("halDataAlign_t")
     489                            .dwattr $C$DW$T$53, DW_AT_type(*$C$DW$T$52)
     490                            .dwattr $C$DW$T$53, DW_AT_language(DW_LANG_C)
     491                            .dwattr $C$DW$T$53, DW_AT_decl_file("C:\ti\simplelink_cc13x0_sdk_2_30_00_20\source\ti\ti154sta
     492                            .dwattr $C$DW$T$53, DW_AT_decl_line(0x43)
     493                            .dwattr $C$DW$T$53, DW_AT_decl_column(0x19)
     494                    
     495                    $C$DW$T$14      .dwtag  DW_TAG_base_type
TI ARM Assembler PC v16.9.8 Mon Dec 10 17:47:30 2018

Tools Copyright (c) 1996-2017 Texas Instruments Incorporated
C:\Users\Einstein\AppData\Local\Temp\{E116FC87-7420-4B9E-BD62-87352394D569} PAGE   10

     496                            .dwattr $C$DW$T$14, DW_AT_encoding(DW_ATE_signed)
     497                            .dwattr $C$DW$T$14, DW_AT_name("long long")
     498                            .dwattr $C$DW$T$14, DW_AT_byte_size(0x08)
     499                    
     500                    $C$DW$T$54      .dwtag  DW_TAG_typedef
     501                            .dwattr $C$DW$T$54, DW_AT_name("int64_t")
     502                            .dwattr $C$DW$T$54, DW_AT_type(*$C$DW$T$14)
     503                            .dwattr $C$DW$T$54, DW_AT_language(DW_LANG_C)
     504                            .dwattr $C$DW$T$54, DW_AT_decl_file("C:/ti/ccsv7/tools/compiler/ti-cgt-arm_16.9.8.LTS/include/
     505                            .dwattr $C$DW$T$54, DW_AT_decl_line(0x32)
     506                            .dwattr $C$DW$T$54, DW_AT_decl_column(0x21)
     507                    
     508                    $C$DW$T$55      .dwtag  DW_TAG_typedef
     509                            .dwattr $C$DW$T$55, DW_AT_name("int_fast64_t")
     510                            .dwattr $C$DW$T$55, DW_AT_type(*$C$DW$T$54)
     511                            .dwattr $C$DW$T$55, DW_AT_language(DW_LANG_C)
     512                            .dwattr $C$DW$T$55, DW_AT_decl_file("C:/ti/ccsv7/tools/compiler/ti-cgt-arm_16.9.8.LTS/include/
     513                            .dwattr $C$DW$T$55, DW_AT_decl_line(0x4e)
     514                            .dwattr $C$DW$T$55, DW_AT_decl_column(0x17)
     515                    
     516                    $C$DW$T$56      .dwtag  DW_TAG_typedef
     517                            .dwattr $C$DW$T$56, DW_AT_name("int_least64_t")
     518                            .dwattr $C$DW$T$56, DW_AT_type(*$C$DW$T$54)
     519                            .dwattr $C$DW$T$56, DW_AT_language(DW_LANG_C)
     520                            .dwattr $C$DW$T$56, DW_AT_decl_file("C:/ti/ccsv7/tools/compiler/ti-cgt-arm_16.9.8.LTS/include/
     521                            .dwattr $C$DW$T$56, DW_AT_decl_line(0x40)
     522                            .dwattr $C$DW$T$56, DW_AT_decl_column(0x17)
     523                    
     524                    $C$DW$T$57      .dwtag  DW_TAG_typedef
     525                            .dwattr $C$DW$T$57, DW_AT_name("intmax_t")
     526                            .dwattr $C$DW$T$57, DW_AT_type(*$C$DW$T$14)
     527                            .dwattr $C$DW$T$57, DW_AT_language(DW_LANG_C)
     528                            .dwattr $C$DW$T$57, DW_AT_decl_file("C:/ti/ccsv7/tools/compiler/ti-cgt-arm_16.9.8.LTS/include/
     529                            .dwattr $C$DW$T$57, DW_AT_decl_line(0x56)
     530                            .dwattr $C$DW$T$57, DW_AT_decl_column(0x20)
     531                    
     532                    $C$DW$T$15      .dwtag  DW_TAG_base_type
     533                            .dwattr $C$DW$T$15, DW_AT_encoding(DW_ATE_unsigned)
     534                            .dwattr $C$DW$T$15, DW_AT_name("unsigned long long")
     535                            .dwattr $C$DW$T$15, DW_AT_byte_size(0x08)
     536                    
     537                    $C$DW$T$58      .dwtag  DW_TAG_typedef
     538                            .dwattr $C$DW$T$58, DW_AT_name("uint64_t")
     539                            .dwattr $C$DW$T$58, DW_AT_type(*$C$DW$T$15)
     540                            .dwattr $C$DW$T$58, DW_AT_language(DW_LANG_C)
     541                            .dwattr $C$DW$T$58, DW_AT_decl_file("C:/ti/ccsv7/tools/compiler/ti-cgt-arm_16.9.8.LTS/include/
     542                            .dwattr $C$DW$T$58, DW_AT_decl_line(0x33)
     543                            .dwattr $C$DW$T$58, DW_AT_decl_column(0x20)
     544                    
     545                    $C$DW$T$59      .dwtag  DW_TAG_typedef
     546                            .dwattr $C$DW$T$59, DW_AT_name("uint_fast64_t")
     547                            .dwattr $C$DW$T$59, DW_AT_type(*$C$DW$T$58)
     548                            .dwattr $C$DW$T$59, DW_AT_language(DW_LANG_C)
     549                            .dwattr $C$DW$T$59, DW_AT_decl_file("C:/ti/ccsv7/tools/compiler/ti-cgt-arm_16.9.8.LTS/include/
     550                            .dwattr $C$DW$T$59, DW_AT_decl_line(0x4f)
TI ARM Assembler PC v16.9.8 Mon Dec 10 17:47:30 2018

Tools Copyright (c) 1996-2017 Texas Instruments Incorporated
C:\Users\Einstein\AppData\Local\Temp\{E116FC87-7420-4B9E-BD62-87352394D569} PAGE   11

     551                            .dwattr $C$DW$T$59, DW_AT_decl_column(0x16)
     552                    
     553                    $C$DW$T$60      .dwtag  DW_TAG_typedef
     554                            .dwattr $C$DW$T$60, DW_AT_name("uint_least64_t")
     555                            .dwattr $C$DW$T$60, DW_AT_type(*$C$DW$T$58)
     556                            .dwattr $C$DW$T$60, DW_AT_language(DW_LANG_C)
     557                            .dwattr $C$DW$T$60, DW_AT_decl_file("C:/ti/ccsv7/tools/compiler/ti-cgt-arm_16.9.8.LTS/include/
     558                            .dwattr $C$DW$T$60, DW_AT_decl_line(0x41)
     559                            .dwattr $C$DW$T$60, DW_AT_decl_column(0x16)
     560                    
     561                    $C$DW$T$61      .dwtag  DW_TAG_typedef
     562                            .dwattr $C$DW$T$61, DW_AT_name("uintmax_t")
     563                            .dwattr $C$DW$T$61, DW_AT_type(*$C$DW$T$15)
     564                            .dwattr $C$DW$T$61, DW_AT_language(DW_LANG_C)
     565                            .dwattr $C$DW$T$61, DW_AT_decl_file("C:/ti/ccsv7/tools/compiler/ti-cgt-arm_16.9.8.LTS/include/
     566                            .dwattr $C$DW$T$61, DW_AT_decl_line(0x57)
     567                            .dwattr $C$DW$T$61, DW_AT_decl_column(0x20)
     568                    
     569                    $C$DW$T$16      .dwtag  DW_TAG_base_type
     570                            .dwattr $C$DW$T$16, DW_AT_encoding(DW_ATE_float)
     571                            .dwattr $C$DW$T$16, DW_AT_name("float")
     572                            .dwattr $C$DW$T$16, DW_AT_byte_size(0x04)
     573                    
     574                    $C$DW$T$17      .dwtag  DW_TAG_base_type
     575                            .dwattr $C$DW$T$17, DW_AT_encoding(DW_ATE_float)
     576                            .dwattr $C$DW$T$17, DW_AT_name("double")
     577                            .dwattr $C$DW$T$17, DW_AT_byte_size(0x08)
     578                    
     579                    $C$DW$T$18      .dwtag  DW_TAG_base_type
     580                            .dwattr $C$DW$T$18, DW_AT_encoding(DW_ATE_float)
     581                            .dwattr $C$DW$T$18, DW_AT_name("long double")
     582                            .dwattr $C$DW$T$18, DW_AT_byte_size(0x08)
     583                    
     584                    
     585                    $C$DW$T$22      .dwtag  DW_TAG_structure_type
     586                            .dwattr $C$DW$T$22, DW_AT_name("appasrtintf_assrthndlerfunc_t")
     587                            .dwattr $C$DW$T$22, DW_AT_byte_size(0x04)
     588                    $C$DW$10        .dwtag  DW_TAG_member
     589                            .dwattr $C$DW$10, DW_AT_type(*$C$DW$T$21)
     590                            .dwattr $C$DW$10, DW_AT_name("callAssrtHndler")
     591                            .dwattr $C$DW$10, DW_AT_TI_symbol_name("callAssrtHndler")
     592                            .dwattr $C$DW$10, DW_AT_data_member_location[DW_OP_plus_uconst 0x0]
     593                            .dwattr $C$DW$10, DW_AT_accessibility(DW_ACCESS_public)
     594                            .dwattr $C$DW$10, DW_AT_decl_file("C:/ti/simplelink_cc13x0_sdk_2_30_00_20/source/ti/ti154stack
     595                            .dwattr $C$DW$10, DW_AT_decl_line(0x49)
     596                            .dwattr $C$DW$10, DW_AT_decl_column(0x21)
     597                    
     598                            .dwattr $C$DW$T$22, DW_AT_decl_file("C:/ti/simplelink_cc13x0_sdk_2_30_00_20/source/ti/ti154sta
     599                            .dwattr $C$DW$T$22, DW_AT_decl_line(0x46)
     600                            .dwattr $C$DW$T$22, DW_AT_decl_column(0x10)
     601                            .dwendtag $C$DW$T$22
     602                    
     603                    $C$DW$T$26      .dwtag  DW_TAG_typedef
     604                            .dwattr $C$DW$T$26, DW_AT_name("APPASRTINTF_assrtHndlerFunc_t")
     605                            .dwattr $C$DW$T$26, DW_AT_type(*$C$DW$T$22)
TI ARM Assembler PC v16.9.8 Mon Dec 10 17:47:30 2018

Tools Copyright (c) 1996-2017 Texas Instruments Incorporated
C:\Users\Einstein\AppData\Local\Temp\{E116FC87-7420-4B9E-BD62-87352394D569} PAGE   12

     606                            .dwattr $C$DW$T$26, DW_AT_language(DW_LANG_C)
     607                            .dwattr $C$DW$T$26, DW_AT_decl_file("C:/ti/simplelink_cc13x0_sdk_2_30_00_20/source/ti/ti154sta
     608                            .dwattr $C$DW$T$26, DW_AT_decl_line(0x4a)
     609                            .dwattr $C$DW$T$26, DW_AT_decl_column(0x03)
     610                    
     611                    $C$DW$T$27      .dwtag  DW_TAG_pointer_type
     612                            .dwattr $C$DW$T$27, DW_AT_type(*$C$DW$T$26)
     613                            .dwattr $C$DW$T$27, DW_AT_address_class(0x20)
     614                    
     615                    $C$DW$T$62      .dwtag  DW_TAG_const_type
     616                            .dwattr $C$DW$T$62, DW_AT_type(*$C$DW$T$27)
     617                    
     618                            .dwattr $C$DW$CU, DW_AT_language(DW_LANG_C)
     619                    
     620                    ;***************************************************************
     621                    ;* DWARF CIE ENTRIES                                           *
     622                    ;***************************************************************
     623                    
     624                    $C$DW$CIE       .dwcie 14
     625                            .dwcfi  cfa_register, 13
     626                            .dwcfi  cfa_offset, 0
     627                            .dwcfi  same_value, 4
     628                            .dwcfi  same_value, 5
     629                            .dwcfi  same_value, 6
     630                            .dwcfi  same_value, 7
     631                            .dwcfi  same_value, 8
     632                            .dwcfi  same_value, 9
     633                            .dwcfi  same_value, 10
     634                            .dwcfi  same_value, 11
     635                            .dwendentry
     636                    
     637                    ;***************************************************************
     638                    ;* DWARF REGISTER MAP                                          *
     639                    ;***************************************************************
     640                    
     641                    $C$DW$11        .dwtag  DW_TAG_TI_assign_register
     642                            .dwattr $C$DW$11, DW_AT_name("A1")
     643                            .dwattr $C$DW$11, DW_AT_location[DW_OP_reg0]
     644                    
     645                    $C$DW$12        .dwtag  DW_TAG_TI_assign_register
     646                            .dwattr $C$DW$12, DW_AT_name("A2")
     647                            .dwattr $C$DW$12, DW_AT_location[DW_OP_reg1]
     648                    
     649                    $C$DW$13        .dwtag  DW_TAG_TI_assign_register
     650                            .dwattr $C$DW$13, DW_AT_name("A3")
     651                            .dwattr $C$DW$13, DW_AT_location[DW_OP_reg2]
     652                    
     653                    $C$DW$14        .dwtag  DW_TAG_TI_assign_register
     654                            .dwattr $C$DW$14, DW_AT_name("A4")
     655                            .dwattr $C$DW$14, DW_AT_location[DW_OP_reg3]
     656                    
     657                    $C$DW$15        .dwtag  DW_TAG_TI_assign_register
     658                            .dwattr $C$DW$15, DW_AT_name("V1")
     659                            .dwattr $C$DW$15, DW_AT_location[DW_OP_reg4]
     660                    
TI ARM Assembler PC v16.9.8 Mon Dec 10 17:47:30 2018

Tools Copyright (c) 1996-2017 Texas Instruments Incorporated
C:\Users\Einstein\AppData\Local\Temp\{E116FC87-7420-4B9E-BD62-87352394D569} PAGE   13

     661                    $C$DW$16        .dwtag  DW_TAG_TI_assign_register
     662                            .dwattr $C$DW$16, DW_AT_name("V2")
     663                            .dwattr $C$DW$16, DW_AT_location[DW_OP_reg5]
     664                    
     665                    $C$DW$17        .dwtag  DW_TAG_TI_assign_register
     666                            .dwattr $C$DW$17, DW_AT_name("V3")
     667                            .dwattr $C$DW$17, DW_AT_location[DW_OP_reg6]
     668                    
     669                    $C$DW$18        .dwtag  DW_TAG_TI_assign_register
     670                            .dwattr $C$DW$18, DW_AT_name("V4")
     671                            .dwattr $C$DW$18, DW_AT_location[DW_OP_reg7]
     672                    
     673                    $C$DW$19        .dwtag  DW_TAG_TI_assign_register
     674                            .dwattr $C$DW$19, DW_AT_name("V5")
     675                            .dwattr $C$DW$19, DW_AT_location[DW_OP_reg8]
     676                    
     677                    $C$DW$20        .dwtag  DW_TAG_TI_assign_register
     678                            .dwattr $C$DW$20, DW_AT_name("V6")
     679                            .dwattr $C$DW$20, DW_AT_location[DW_OP_reg9]
     680                    
     681                    $C$DW$21        .dwtag  DW_TAG_TI_assign_register
     682                            .dwattr $C$DW$21, DW_AT_name("V7")
     683                            .dwattr $C$DW$21, DW_AT_location[DW_OP_reg10]
     684                    
     685                    $C$DW$22        .dwtag  DW_TAG_TI_assign_register
     686                            .dwattr $C$DW$22, DW_AT_name("V8")
     687                            .dwattr $C$DW$22, DW_AT_location[DW_OP_reg11]
     688                    
     689                    $C$DW$23        .dwtag  DW_TAG_TI_assign_register
     690                            .dwattr $C$DW$23, DW_AT_name("V9")
     691                            .dwattr $C$DW$23, DW_AT_location[DW_OP_reg12]
     692                    
     693                    $C$DW$24        .dwtag  DW_TAG_TI_assign_register
     694                            .dwattr $C$DW$24, DW_AT_name("SP")
     695                            .dwattr $C$DW$24, DW_AT_location[DW_OP_reg13]
     696                    
     697                    $C$DW$25        .dwtag  DW_TAG_TI_assign_register
     698                            .dwattr $C$DW$25, DW_AT_name("LR")
     699                            .dwattr $C$DW$25, DW_AT_location[DW_OP_reg14]
     700                    
     701                    $C$DW$26        .dwtag  DW_TAG_TI_assign_register
     702                            .dwattr $C$DW$26, DW_AT_name("PC")
     703                            .dwattr $C$DW$26, DW_AT_location[DW_OP_reg15]
     704                    
     705                    $C$DW$27        .dwtag  DW_TAG_TI_assign_register
     706                            .dwattr $C$DW$27, DW_AT_name("SR")
     707                            .dwattr $C$DW$27, DW_AT_location[DW_OP_reg17]
     708                    
     709                    $C$DW$28        .dwtag  DW_TAG_TI_assign_register
     710                            .dwattr $C$DW$28, DW_AT_name("AP")
     711                            .dwattr $C$DW$28, DW_AT_location[DW_OP_reg7]
     712                    
     713                            .dwendtag $C$DW$CU
     714                    

No Assembly Errors, No Assembly Warnings
